<!DOCTYPE html PUBLIC "-//W3C//DTD XHTML 1.1//EN" "http://www.w3.org/TR/xhtml11/DTD/xhtml11.dtd">
<html xmlns="http://www.w3.org/1999/xhtml"><head><title>TestNG Report</title><style type="text/css">table {margin-bottom:10px;border-collapse:collapse;empty-cells:show}th,td {border:1px solid #009;padding:.25em .5em}th {vertical-align:bottom}td {vertical-align:top}table a {font-weight:bold}.stripe td {background-color: #E6EBF9}.num {text-align:right}.passedodd td {background-color: #3F3}.passedeven td {background-color: #0A0}.skippedodd td {background-color: #DDD}.skippedeven td {background-color: #CCC}.failedodd td,.attn {background-color: #F33}.failedeven td,.stripe .attn {background-color: #D00}.stacktrace {white-space:pre;font-family:monospace}.totop {font-size:85%;text-align:center;border-bottom:2px solid #000}</style></head><body><table><tr><th>Test</th><th># Passed</th><th># Skipped</th><th># Failed</th><th>Time (ms)</th><th>Included Groups</th><th>Excluded Groups</th></tr><tr><th colspan="7">Default suite</th></tr><tr><td><a href="#t0">Default test</a></td><td class="num">28</td><td class="num">0</td><td class="num attn">1</td><td class="num">141,745</td><td></td><td></td></tr></table><table><thead><tr><th>Class</th><th>Method</th><th>Start</th><th>Time (ms)</th></tr></thead><tbody><tr><th colspan="4">Default suite</th></tr></tbody><tbody id="t0"><tr><th colspan="4">Default test &#8212; failed (configuration methods)</th></tr><tr class="failedeven"><td rowspan="1">testPages.TestClaimFormBuilder</td><td><a href="#m0">afterMethod</a></td><td rowspan="1">1580986419964</td><td rowspan="1">0</td></tr><tr><th colspan="4">Default test &#8212; failed</th></tr><tr class="failedeven"><td rowspan="1">testPages.TestClaimFormBuilder</td><td><a href="#m1">FirstElementTest</a></td><td rowspan="1">1580986388587</td><td rowspan="1">31375</td></tr><tr><th colspan="4">Default test &#8212; passed</th></tr><tr class="passedeven"><td rowspan="28">testPages.TestClaimFormBuilder</td><td><a href="#m2">CanClcikCreatebtn</a></td><td rowspan="1">1580986332981</td><td rowspan="1">3566</td></tr><tr class="passedeven"><td><a href="#m3">CanClcikFormBBuilder</a></td><td rowspan="1">1580986298137</td><td rowspan="1">3123</td></tr><tr class="passedeven"><td><a href="#m4">CanClcikTooltab</a></td><td rowspan="1">1580986295780</td><td rowspan="1">2353</td></tr><tr class="passedeven"><td><a href="#m5">CanClcikentriesnumber</a></td><td rowspan="1">1580986307491</td><td rowspan="1">13091</td></tr><tr class="passedeven"><td><a href="#m6">DraganddropcheckboxTest</a></td><td rowspan="1">1580986368769</td><td rowspan="1">4379</td></tr><tr class="passedeven"><td><a href="#m7">DraganddropheadingTest</a></td><td rowspan="1">1580986381888</td><td rowspan="1">4377</td></tr><tr class="passedeven"><td><a href="#m8">DraganddropnumberTest</a></td><td rowspan="1">1580986364358</td><td rowspan="1">4405</td></tr><tr class="passedeven"><td><a href="#m9">DraganddropparagraphTest</a></td><td rowspan="1">1580986351266</td><td rowspan="1">4335</td></tr><tr class="passedeven"><td><a href="#m10">DraganddropparamediaTest</a></td><td rowspan="1">1580986355604</td><td rowspan="1">4376</td></tr><tr class="passedeven"><td><a href="#m11">DraganddropselectboxTest</a></td><td rowspan="1">1580986377506</td><td rowspan="1">4379</td></tr><tr class="passedeven"><td><a href="#m12">DraganddroptextareaTest</a></td><td rowspan="1">1580986359983</td><td rowspan="1">4372</td></tr><tr class="passedeven"><td><a href="#m13">DraganddroptextboxTest</a></td><td rowspan="1">1580986373152</td><td rowspan="1">4351</td></tr><tr class="passedeven"><td><a href="#m14">GridVisibleTest</a></td><td rowspan="1">1580986386268</td><td rowspan="1">2318</td></tr><tr class="passedeven"><td><a href="#m15">ToverifyColCreatedTest</a></td><td rowspan="1">1580986324720</td><td rowspan="1">2061</td></tr><tr class="passedeven"><td><a href="#m16">ToverifyColNameTest</a></td><td rowspan="1">1580986320586</td><td rowspan="1">2058</td></tr><tr class="passedeven"><td><a href="#m17">ToverifyColStatusTest</a></td><td rowspan="1">1580986328859</td><td rowspan="1">2065</td></tr><tr class="passedeven"><td><a href="#m18">ToverifyColTenantTest</a></td><td rowspan="1">1580986322649</td><td rowspan="1">2068</td></tr><tr class="passedeven"><td><a href="#m19">ToverifyColUpdatedTest</a></td><td rowspan="1">1580986326785</td><td rowspan="1">2067</td></tr><tr class="passedeven"><td><a href="#m20">ToverifyErrormsgTest</a></td><td rowspan="1">1580986338616</td><td rowspan="1">2078</td></tr><tr class="passedeven"><td><a href="#m21">ToverifyStatusTest</a></td><td rowspan="1">1580986340696</td><td rowspan="1">2055</td></tr><tr class="passedeven"><td><a href="#m22">VerifyToverifyActiveStatus</a></td><td rowspan="1">1580986342754</td><td rowspan="1">2062</td></tr><tr class="passedeven"><td><a href="#m23">VerifyToverifyConTent</a></td><td rowspan="1">1580986303355</td><td rowspan="1">2072</td></tr><tr class="passedeven"><td><a href="#m24">VerifyToverifyeditforms</a></td><td rowspan="1">1580986330925</td><td rowspan="1">2052</td></tr><tr class="passedeven"><td><a href="#m25">VerifyToverifyformbtn</a></td><td rowspan="1">1580986336550</td><td rowspan="1">2061</td></tr><tr class="passedeven"><td><a href="#m26">VerifyToverifyhomeBtn</a></td><td rowspan="1">1580986301268</td><td rowspan="1">2082</td></tr><tr class="passedeven"><td><a href="#m27">VerifyToverifysearchtab</a></td><td rowspan="1">1580986305431</td><td rowspan="1">2056</td></tr><tr class="passedeven"><td><a href="#m28">getLoginToApplication</a></td><td rowspan="1">1580986291795</td><td rowspan="1">3982</td></tr><tr class="passedeven"><td><a href="#m29">submitButtonTest</a></td><td rowspan="1">1580986344819</td><td rowspan="1">6445</td></tr></tbody></table><h2>Default test</h2><h3 id="m0">testPages.TestClaimFormBuilder#afterMethod</h3><table class="result"><tr class="param"><th>Parameter #1</th></tr><tr class="param stripe"><td>[TestResult name=FirstElementTest status=FAILURE method=TestClaimFormBuilder.FirstElementTest()[pri:37, instance:testPages.TestClaimFormBuilder@6e06451e] output={null}]</td></tr><tr><th>Exception</th></tr><tr><td><div class="stacktrace">org.openqa.selenium.NoSuchWindowException: no such window: target window already closed
from unknown error: web view not found
  (Session info: chrome=79.0.3945.130)
Build info: version: &apos;3.141.59&apos;, revision: &apos;e82be7d358&apos;, time: &apos;2018-11-14T08:17:03&apos;
System info: host: &apos;ANSHU&apos;, ip: &apos;192.168.0.115&apos;, os.name: &apos;Windows 10&apos;, os.arch: &apos;amd64&apos;, os.version: &apos;10.0&apos;, java.version: &apos;1.8.0_202&apos;
Driver info: org.openqa.selenium.chrome.ChromeDriver
Capabilities {acceptInsecureCerts: false, browserName: chrome, browserVersion: 79.0.3945.130, chrome: {chromedriverVersion: 79.0.3945.36 (3582db32b3389..., userDataDir: C:\Users\DELL\AppData\Local...}, goog:chromeOptions: {debuggerAddress: localhost:59816}, javascriptEnabled: true, networkConnectionEnabled: false, pageLoadStrategy: normal, platform: WINDOWS, platformName: WINDOWS, proxy: Proxy(), setWindowRect: true, strictFileInteractability: false, timeouts: {implicit: 0, pageLoad: 300000, script: 30000}, unhandledPromptBehavior: dismiss and notify}
Session ID: dad0e25172e8e8b2c409ace0902714f3
	at sun.reflect.NativeConstructorAccessorImpl.newInstance0(Native Method)
	at sun.reflect.NativeConstructorAccessorImpl.newInstance(Unknown Source)
	at sun.reflect.DelegatingConstructorAccessorImpl.newInstance(Unknown Source)
	at java.lang.reflect.Constructor.newInstance(Unknown Source)
	at org.openqa.selenium.remote.http.W3CHttpResponseCodec.createException(W3CHttpResponseCodec.java:187)
	at org.openqa.selenium.remote.http.W3CHttpResponseCodec.decode(W3CHttpResponseCodec.java:122)
	at org.openqa.selenium.remote.http.W3CHttpResponseCodec.decode(W3CHttpResponseCodec.java:49)
	at org.openqa.selenium.remote.HttpCommandExecutor.execute(HttpCommandExecutor.java:158)
	at org.openqa.selenium.remote.service.DriverCommandExecutor.execute(DriverCommandExecutor.java:83)
	at org.openqa.selenium.remote.RemoteWebDriver.execute(RemoteWebDriver.java:552)
	at org.openqa.selenium.remote.RemoteWebDriver.execute(RemoteWebDriver.java:609)
	at org.openqa.selenium.remote.RemoteWebDriver.getScreenshotAs(RemoteWebDriver.java:295)
	at Base.TestBase.getScreenshot(TestBase.java:99)
	at Base.TestBase.getresult(TestBase.java:123)
	at Base.TestBase.afterMethod(TestBase.java:133)
	at sun.reflect.GeneratedMethodAccessor2.invoke(Unknown Source)
	at sun.reflect.DelegatingMethodAccessorImpl.invoke(Unknown Source)
	at java.lang.reflect.Method.invoke(Unknown Source)
	at org.testng.internal.MethodInvocationHelper.invokeMethod(MethodInvocationHelper.java:86)
	at org.testng.internal.Invoker.invokeConfigurationMethod(Invoker.java:514)
	at org.testng.internal.Invoker.invokeConfigurations(Invoker.java:215)
	at org.testng.internal.Invoker.invokeMethod(Invoker.java:709)
	at org.testng.internal.Invoker.invokeTestMethod(Invoker.java:822)
	at org.testng.internal.Invoker.invokeTestMethods(Invoker.java:1130)
	at org.testng.internal.TestMethodWorker.invokeTestMethods(TestMethodWorker.java:129)
	at org.testng.internal.TestMethodWorker.run(TestMethodWorker.java:112)
	at org.testng.TestRunner.privateRun(TestRunner.java:782)
	at org.testng.TestRunner.run(TestRunner.java:632)
	at org.testng.SuiteRunner.runTest(SuiteRunner.java:366)
	at org.testng.SuiteRunner.runSequentially(SuiteRunner.java:361)
	at org.testng.SuiteRunner.privateRun(SuiteRunner.java:319)
	at org.testng.SuiteRunner.run(SuiteRunner.java:268)
	at org.testng.SuiteRunnerWorker.runSuite(SuiteRunnerWorker.java:52)
	at org.testng.SuiteRunnerWorker.run(SuiteRunnerWorker.java:86)
	at org.testng.TestNG.runSuitesSequentially(TestNG.java:1244)
	at org.testng.TestNG.runSuitesLocally(TestNG.java:1169)
	at org.testng.TestNG.run(TestNG.java:1064)
	at org.testng.remote.RemoteTestNG.run(RemoteTestNG.java:113)
	at org.testng.remote.RemoteTestNG.initAndRun(RemoteTestNG.java:206)
	at org.testng.remote.RemoteTestNG.main(RemoteTestNG.java:177)
</div></td></tr></table><p class="totop"><a href="#summary">back to summary</a></p><h3 id="m1">testPages.TestClaimFormBuilder#FirstElementTest</h3><table class="result"><tr><th>Exception</th></tr><tr><td><div class="stacktrace">org.openqa.selenium.NoSuchElementException: Cannot locate an element using xpath=//div[@class=&apos;fb-elements-container ui-sortable&apos;]/div[@data-element-id=00833163]/div/div/div//form/div/div
For documentation on this error, please visit: https://www.seleniumhq.org/exceptions/no_such_element.html
Build info: version: &apos;3.141.59&apos;, revision: &apos;e82be7d358&apos;, time: &apos;2018-11-14T08:17:03&apos;
System info: host: &apos;ANSHU&apos;, ip: &apos;192.168.0.115&apos;, os.name: &apos;Windows 10&apos;, os.arch: &apos;amd64&apos;, os.version: &apos;10.0&apos;, java.version: &apos;1.8.0_202&apos;
Driver info: driver.version: RemoteWebDriver
	at org.openqa.selenium.remote.RemoteWebDriver.findElement(RemoteWebDriver.java:327)
	at org.openqa.selenium.remote.RemoteWebDriver.findElementByXPath(RemoteWebDriver.java:428)
	at org.openqa.selenium.By$ByXPath.findElement(By.java:353)
	at org.openqa.selenium.remote.RemoteWebDriver.findElement(RemoteWebDriver.java:315)
	at pages.ClaimFormBuilder.FirstElement(ClaimFormBuilder.java:473)
	at testPages.TestClaimFormBuilder.FirstElementTest(TestClaimFormBuilder.java:309)
	at sun.reflect.NativeMethodAccessorImpl.invoke0(Native Method)
	at sun.reflect.NativeMethodAccessorImpl.invoke(Unknown Source)
	at sun.reflect.DelegatingMethodAccessorImpl.invoke(Unknown Source)
	at java.lang.reflect.Method.invoke(Unknown Source)
	at org.testng.internal.MethodInvocationHelper.invokeMethod(MethodInvocationHelper.java:86)
	at org.testng.internal.Invoker.invokeMethod(Invoker.java:645)
	at org.testng.internal.Invoker.invokeTestMethod(Invoker.java:822)
	at org.testng.internal.Invoker.invokeTestMethods(Invoker.java:1130)
	at org.testng.internal.TestMethodWorker.invokeTestMethods(TestMethodWorker.java:129)
	at org.testng.internal.TestMethodWorker.run(TestMethodWorker.java:112)
	at org.testng.TestRunner.privateRun(TestRunner.java:782)
	at org.testng.TestRunner.run(TestRunner.java:632)
	at org.testng.SuiteRunner.runTest(SuiteRunner.java:366)
	at org.testng.SuiteRunner.runSequentially(SuiteRunner.java:361)
	at org.testng.SuiteRunner.privateRun(SuiteRunner.java:319)
	at org.testng.SuiteRunner.run(SuiteRunner.java:268)
	at org.testng.SuiteRunnerWorker.runSuite(SuiteRunnerWorker.java:52)
	at org.testng.SuiteRunnerWorker.run(SuiteRunnerWorker.java:86)
	at org.testng.TestNG.runSuitesSequentially(TestNG.java:1244)
	at org.testng.TestNG.runSuitesLocally(TestNG.java:1169)
	at org.testng.TestNG.run(TestNG.java:1064)
	at org.testng.remote.RemoteTestNG.run(RemoteTestNG.java:113)
	at org.testng.remote.RemoteTestNG.initAndRun(RemoteTestNG.java:206)
	at org.testng.remote.RemoteTestNG.main(RemoteTestNG.java:177)
</div></td></tr></table><p class="totop"><a href="#summary">back to summary</a></p><h3 id="m2">testPages.TestClaimFormBuilder#CanClcikCreatebtn</h3><table class="result"></table><p class="totop"><a href="#summary">back to summary</a></p><h3 id="m3">testPages.TestClaimFormBuilder#CanClcikFormBBuilder</h3><table class="result"></table><p class="totop"><a href="#summary">back to summary</a></p><h3 id="m4">testPages.TestClaimFormBuilder#CanClcikTooltab</h3><table class="result"></table><p class="totop"><a href="#summary">back to summary</a></p><h3 id="m5">testPages.TestClaimFormBuilder#CanClcikentriesnumber</h3><table class="result"></table><p class="totop"><a href="#summary">back to summary</a></p><h3 id="m6">testPages.TestClaimFormBuilder#DraganddropcheckboxTest</h3><table class="result"></table><p class="totop"><a href="#summary">back to summary</a></p><h3 id="m7">testPages.TestClaimFormBuilder#DraganddropheadingTest</h3><table class="result"></table><p class="totop"><a href="#summary">back to summary</a></p><h3 id="m8">testPages.TestClaimFormBuilder#DraganddropnumberTest</h3><table class="result"></table><p class="totop"><a href="#summary">back to summary</a></p><h3 id="m9">testPages.TestClaimFormBuilder#DraganddropparagraphTest</h3><table class="result"></table><p class="totop"><a href="#summary">back to summary</a></p><h3 id="m10">testPages.TestClaimFormBuilder#DraganddropparamediaTest</h3><table class="result"></table><p class="totop"><a href="#summary">back to summary</a></p><h3 id="m11">testPages.TestClaimFormBuilder#DraganddropselectboxTest</h3><table class="result"></table><p class="totop"><a href="#summary">back to summary</a></p><h3 id="m12">testPages.TestClaimFormBuilder#DraganddroptextareaTest</h3><table class="result"></table><p class="totop"><a href="#summary">back to summary</a></p><h3 id="m13">testPages.TestClaimFormBuilder#DraganddroptextboxTest</h3><table class="result"></table><p class="totop"><a href="#summary">back to summary</a></p><h3 id="m14">testPages.TestClaimFormBuilder#GridVisibleTest</h3><table class="result"></table><p class="totop"><a href="#summary">back to summary</a></p><h3 id="m15">testPages.TestClaimFormBuilder#ToverifyColCreatedTest</h3><table class="result"></table><p class="totop"><a href="#summary">back to summary</a></p><h3 id="m16">testPages.TestClaimFormBuilder#ToverifyColNameTest</h3><table class="result"></table><p class="totop"><a href="#summary">back to summary</a></p><h3 id="m17">testPages.TestClaimFormBuilder#ToverifyColStatusTest</h3><table class="result"></table><p class="totop"><a href="#summary">back to summary</a></p><h3 id="m18">testPages.TestClaimFormBuilder#ToverifyColTenantTest</h3><table class="result"></table><p class="totop"><a href="#summary">back to summary</a></p><h3 id="m19">testPages.TestClaimFormBuilder#ToverifyColUpdatedTest</h3><table class="result"></table><p class="totop"><a href="#summary">back to summary</a></p><h3 id="m20">testPages.TestClaimFormBuilder#ToverifyErrormsgTest</h3><table class="result"></table><p class="totop"><a href="#summary">back to summary</a></p><h3 id="m21">testPages.TestClaimFormBuilder#ToverifyStatusTest</h3><table class="result"></table><p class="totop"><a href="#summary">back to summary</a></p><h3 id="m22">testPages.TestClaimFormBuilder#VerifyToverifyActiveStatus</h3><table class="result"></table><p class="totop"><a href="#summary">back to summary</a></p><h3 id="m23">testPages.TestClaimFormBuilder#VerifyToverifyConTent</h3><table class="result"></table><p class="totop"><a href="#summary">back to summary</a></p><h3 id="m24">testPages.TestClaimFormBuilder#VerifyToverifyeditforms</h3><table class="result"></table><p class="totop"><a href="#summary">back to summary</a></p><h3 id="m25">testPages.TestClaimFormBuilder#VerifyToverifyformbtn</h3><table class="result"></table><p class="totop"><a href="#summary">back to summary</a></p><h3 id="m26">testPages.TestClaimFormBuilder#VerifyToverifyhomeBtn</h3><table class="result"></table><p class="totop"><a href="#summary">back to summary</a></p><h3 id="m27">testPages.TestClaimFormBuilder#VerifyToverifysearchtab</h3><table class="result"></table><p class="totop"><a href="#summary">back to summary</a></p><h3 id="m28">testPages.TestClaimFormBuilder#getLoginToApplication</h3><table class="result"></table><p class="totop"><a href="#summary">back to summary</a></p><h3 id="m29">testPages.TestClaimFormBuilder#submitButtonTest</h3><table class="result"></table><p class="totop"><a href="#summary">back to summary</a></p></body></html>