<?xml version="1.0" encoding="UTF-8"?>
<!-- Generated by org.testng.reporters.JUnitReportReporter -->
<testsuite hostname="anshu" name="testPages.TestClaimFormBuilder" tests="29" failures="0" timestamp="6 Feb 2020 10:53:40 GMT" time="128.108" errors="1">
  <testcase name="ToverifyColTenantTest" time="2.070" classname="testPages.TestClaimFormBuilder"/>
  <testcase name="DraganddropselectboxTest" time="4.381" classname="testPages.TestClaimFormBuilder"/>
  <testcase name="DraganddropcheckboxTest" time="4.380" classname="testPages.TestClaimFormBuilder"/>
  <testcase name="VerifyToverifysearchtab" time="2.058" classname="testPages.TestClaimFormBuilder"/>
  <testcase name="ToverifyStatusTest" time="2.057" classname="testPages.TestClaimFormBuilder"/>
  <testcase name="ToverifyColStatusTest" time="2.067" classname="testPages.TestClaimFormBuilder"/>
  <testcase name="VerifyToverifyeditforms" time="2.052" classname="testPages.TestClaimFormBuilder"/>
  <testcase name="VerifyToverifyhomeBtn" time="2.084" classname="testPages.TestClaimFormBuilder"/>
  <testcase name="CanClcikentriesnumber" time="13.091" classname="testPages.TestClaimFormBuilder"/>
  <testcase name="submitButtonTest" time="6.446" classname="testPages.TestClaimFormBuilder"/>
  <testcase name="CanClcikFormBBuilder" time="3.125" classname="testPages.TestClaimFormBuilder"/>
  <testcase name="CanClcikCreatebtn" time="3.568" classname="testPages.TestClaimFormBuilder"/>
  <testcase name="VerifyToverifyConTent" time="2.073" classname="testPages.TestClaimFormBuilder"/>
  <testcase name="ToverifyErrormsgTest" time="2.078" classname="testPages.TestClaimFormBuilder"/>
  <testcase name="DraganddropparagraphTest" time="4.336" classname="testPages.TestClaimFormBuilder"/>
  <testcase name="ToverifyColUpdatedTest" time="2.069" classname="testPages.TestClaimFormBuilder"/>
  <testcase name="DraganddropparamediaTest" time="4.376" classname="testPages.TestClaimFormBuilder"/>
  <testcase name="DraganddropnumberTest" time="4.406" classname="testPages.TestClaimFormBuilder"/>
  <testcase name="ToverifyColNameTest" time="2.059" classname="testPages.TestClaimFormBuilder"/>
  <testcase name="getLoginToApplication" time="3.984" classname="testPages.TestClaimFormBuilder"/>
  <testcase name="CanClcikTooltab" time="2.355" classname="testPages.TestClaimFormBuilder"/>
  <testcase name="DraganddroptextareaTest" time="4.373" classname="testPages.TestClaimFormBuilder"/>
  <testcase name="VerifyToverifyActiveStatus" time="2.068" classname="testPages.TestClaimFormBuilder"/>
  <testcase name="DraganddroptextboxTest" time="4.355" classname="testPages.TestClaimFormBuilder"/>
  <testcase name="FirstElementTest" time="31.375" classname="testPages.TestClaimFormBuilder">
    <error type="org.openqa.selenium.NoSuchElementException" message="Cannot locate an element using xpath=//div[@class=&#039;fb-elements-container ui-sortable&#039;]/div[@data-element-id=00833163]/div/div/div//form/div/div
For documentation on this error, please visit: https://www.seleniumhq.org/exceptions/no_such_element.html
Build info: version: &#039;3.141.59&#039;, revision: &#039;e82be7d358&#039;, time: &#039;2018-11-14T08:17:03&#039;
System info: host: &#039;ANSHU&#039;, ip: &#039;192.168.0.115&#039;, os.name: &#039;Windows 10&#039;, os.arch: &#039;amd64&#039;, os.version: &#039;10.0&#039;, java.version: &#039;1.8.0_202&#039;
Driver info: driver.version: RemoteWebDriver">
      <![CDATA[org.openqa.selenium.NoSuchElementException: Cannot locate an element using xpath=//div[@class='fb-elements-container ui-sortable']/div[@data-element-id=00833163]/div/div/div//form/div/div
For documentation on this error, please visit: https://www.seleniumhq.org/exceptions/no_such_element.html
Build info: version: '3.141.59', revision: 'e82be7d358', time: '2018-11-14T08:17:03'
System info: host: 'ANSHU', ip: '192.168.0.115', os.name: 'Windows 10', os.arch: 'amd64', os.version: '10.0', java.version: '1.8.0_202'
Driver info: driver.version: RemoteWebDriver
	at org.openqa.selenium.remote.RemoteWebDriver.findElement(RemoteWebDriver.java:327)
	at org.openqa.selenium.remote.RemoteWebDriver.findElementByXPath(RemoteWebDriver.java:428)
	at org.openqa.selenium.By$ByXPath.findElement(By.java:353)
	at org.openqa.selenium.remote.RemoteWebDriver.findElement(RemoteWebDriver.java:315)
	at pages.ClaimFormBuilder.FirstElement(ClaimFormBuilder.java:473)
	at testPages.TestClaimFormBuilder.FirstElementTest(TestClaimFormBuilder.java:309)
	at sun.reflect.NativeMethodAccessorImpl.invoke0(Native Method)
	at sun.reflect.NativeMethodAccessorImpl.invoke(Unknown Source)
	at sun.reflect.DelegatingMethodAccessorImpl.invoke(Unknown Source)
	at java.lang.reflect.Method.invoke(Unknown Source)
	at org.testng.internal.MethodInvocationHelper.invokeMethod(MethodInvocationHelper.java:86)
	at org.testng.internal.Invoker.invokeMethod(Invoker.java:645)
	at org.testng.internal.Invoker.invokeTestMethod(Invoker.java:822)
	at org.testng.internal.Invoker.invokeTestMethods(Invoker.java:1130)
	at org.testng.internal.TestMethodWorker.invokeTestMethods(TestMethodWorker.java:129)
	at org.testng.internal.TestMethodWorker.run(TestMethodWorker.java:112)
	at org.testng.TestRunner.privateRun(TestRunner.java:782)
	at org.testng.TestRunner.run(TestRunner.java:632)
	at org.testng.SuiteRunner.runTest(SuiteRunner.java:366)
	at org.testng.SuiteRunner.runSequentially(SuiteRunner.java:361)
	at org.testng.SuiteRunner.privateRun(SuiteRunner.java:319)
	at org.testng.SuiteRunner.run(SuiteRunner.java:268)
	at org.testng.SuiteRunnerWorker.runSuite(SuiteRunnerWorker.java:52)
	at org.testng.SuiteRunnerWorker.run(SuiteRunnerWorker.java:86)
	at org.testng.TestNG.runSuitesSequentially(TestNG.java:1244)
	at org.testng.TestNG.runSuitesLocally(TestNG.java:1169)
	at org.testng.TestNG.run(TestNG.java:1064)
	at org.testng.remote.RemoteTestNG.run(RemoteTestNG.java:113)
	at org.testng.remote.RemoteTestNG.initAndRun(RemoteTestNG.java:206)
	at org.testng.remote.RemoteTestNG.main(RemoteTestNG.java:177)
]]>
    </error>
  </testcase> <!-- FirstElementTest -->
  <testcase name="ToverifyColCreatedTest" time="2.063" classname="testPages.TestClaimFormBuilder"/>
  <testcase name="VerifyToverifyformbtn" time="2.062" classname="testPages.TestClaimFormBuilder"/>
  <testcase name="DraganddropheadingTest" time="4.378" classname="testPages.TestClaimFormBuilder"/>
  <testcase name="GridVisibleTest" time="2.319" classname="testPages.TestClaimFormBuilder"/>
</testsuite> <!-- testPages.TestClaimFormBuilder -->
